# JRE version: Java(TM) SE Runtime Environment (8.0_71-b15) (build 1.8.0_71-b15)
# Java VM: Java HotSpot(TM) 64-Bit Server VM (25.71-b15 mixed mode windows-amd64 compressed oops)
Heap:
 PSYoungGen      total 72192K, used 44414K [0x00000000eb300000, 0x00000000f0000000, 0x0000000100000000)
  eden space 65536K, 62% used [0x00000000eb300000,0x00000000edad42a8,0x00000000ef300000)
  from space 6656K, 54% used [0x00000000ef980000,0x00000000efd0b5e0,0x00000000f0000000)
  to   space 6656K, 0% used [0x00000000ef300000,0x00000000ef300000,0x00000000ef980000)
 ParOldGen       total 44032K, used 8040K [0x00000000c1800000, 0x00000000c4300000, 0x00000000eb300000)
  object space 44032K, 18% used [0x00000000c1800000,0x00000000c1fda2a8,0x00000000c4300000)
 Metaspace       used 19283K, capacity 20068K, committed 20224K, reserved 1067008K
  class space    used 2523K, capacity 2710K, committed 2816K, reserved 1048576K
GC Heap History (10 events):
Event: 1.894 GC heap before
{Heap before GC invocations=2 (full 0):
 PSYoungGen      total 18944K, used 18914K [0x00000000eb300000, 0x00000000ec800000, 0x0000000100000000)
  eden space 16384K, 100% used [0x00000000eb300000,0x00000000ec300000,0x00000000ec300000)
  from space 2560K, 98% used [0x00000000ec300000,0x00000000ec5789c8,0x00000000ec580000)
  to   space 2560K, 0% used [0x00000000ec580000,0x00000000ec580000,0x00000000ec800000)
 ParOldGen       total 44032K, used 8K [0x00000000c1800000, 0x00000000c4300000, 0x00000000eb300000)
  object space 44032K, 0% used [0x00000000c1800000,0x00000000c1802000,0x00000000c4300000)
 Metaspace       used 10877K, capacity 11126K, committed 11264K, reserved 1058816K
  class space    used 1349K, capacity 1431K, committed 1536K, reserved 1048576K
Event: 1.914 GC heap after
Heap after GC invocations=2 (full 0):
 PSYoungGen      total 18944K, used 2533K [0x00000000eb300000, 0x00000000ed800000, 0x0000000100000000)
  eden space 16384K, 0% used [0x00000000eb300000,0x00000000eb300000,0x00000000ec300000)
  from space 2560K, 98% used [0x00000000ec580000,0x00000000ec7f9488,0x00000000ec800000)
  to   space 2560K, 0% used [0x00000000ec300000,0x00000000ec300000,0x00000000ec580000)
 ParOldGen       total 44032K, used 1080K [0x00000000c1800000, 0x00000000c4300000, 0x00000000eb300000)
  object space 44032K, 2% used [0x00000000c1800000,0x00000000c190e1a0,0x00000000c4300000)
 Metaspace       used 10877K, capacity 11126K, committed 11264K, reserved 1058816K
  class space    used 1349K, capacity 1431K, committed 1536K, reserved 1048576K
}
Event: 2.315 GC heap before
{Heap before GC invocations=3 (full 0):
 PSYoungGen      total 18944K, used 18917K [0x00000000eb300000, 0x00000000ed800000, 0x0000000100000000)
  eden space 16384K, 100% used [0x00000000eb300000,0x00000000ec300000,0x00000000ec300000)
  from space 2560K, 98% used [0x00000000ec580000,0x00000000ec7f9488,0x00000000ec800000)
  to   space 2560K, 0% used [0x00000000ec300000,0x00000000ec300000,0x00000000ec580000)
 ParOldGen       total 44032K, used 1080K [0x00000000c1800000, 0x00000000c4300000, 0x00000000eb300000)
  object space 44032K, 2% used [0x00000000c1800000,0x00000000c190e1a0,0x00000000c4300000)
 Metaspace       used 12765K, capacity 13240K, committed 13312K, reserved 1060864K
  class space    used 1623K, capacity 1772K, committed 1792K, reserved 1048576K
Event: 2.322 GC heap after
Heap after GC invocations=3 (full 0):
 PSYoungGen      total 18944K, used 2533K [0x00000000eb300000, 0x00000000ed800000, 0x0000000100000000)
  eden space 16384K, 0% used [0x00000000eb300000,0x00000000eb300000,0x00000000ec300000)
  from space 2560K, 98% used [0x00000000ec300000,0x00000000ec579468,0x00000000ec580000)
  to   space 2560K, 0% used [0x00000000ed580000,0x00000000ed580000,0x00000000ed800000)
 ParOldGen       total 44032K, used 2615K [0x00000000c1800000, 0x00000000c4300000, 0x00000000eb300000)
  object space 44032K, 5% used [0x00000000c1800000,0x00000000c1a8dc20,0x00000000c4300000)
 Metaspace       used 12765K, capacity 13240K, committed 13312K, reserved 1060864K
  class space    used 1623K, capacity 1772K, committed 1792K, reserved 1048576K
}
Event: 2.541 GC heap before
{Heap before GC invocations=4 (full 0):
 PSYoungGen      total 18944K, used 18911K [0x00000000eb300000, 0x00000000ed800000, 0x0000000100000000)
  eden space 16384K, 99% used [0x00000000eb300000,0x00000000ec2fe810,0x00000000ec300000)
  from space 2560K, 98% used [0x00000000ec300000,0x00000000ec579468,0x00000000ec580000)
  to   space 2560K, 0% used [0x00000000ed580000,0x00000000ed580000,0x00000000ed800000)
 ParOldGen       total 44032K, used 2615K [0x00000000c1800000, 0x00000000c4300000, 0x00000000eb300000)
  object space 44032K, 5% used [0x00000000c1800000,0x00000000c1a8dc20,0x00000000c4300000)
 Metaspace       used 14599K, capacity 15122K, committed 15360K, reserved 1062912K
  class space    used 1874K, capacity 2029K, committed 2048K, reserved 1048576K
Event: 2.549 GC heap after
Heap after GC invocations=4 (full 0):
 PSYoungGen      total 35328K, used 2528K [0x00000000eb300000, 0x00000000ed800000, 0x0000000100000000)
  eden space 32768K, 0% used [0x00000000eb300000,0x00000000eb300000,0x00000000ed300000)
  from space 2560K, 98% used [0x00000000ed580000,0x00000000ed7f8020,0x00000000ed800000)
  to   space 2560K, 0% used [0x00000000ed300000,0x00000000ed300000,0x00000000ed580000)
 ParOldGen       total 44032K, used 4493K [0x00000000c1800000, 0x00000000c4300000, 0x00000000eb300000)
  object space 44032K, 10% used [0x00000000c1800000,0x00000000c1c63450,0x00000000c4300000)
 Metaspace       used 14599K, capacity 15122K, committed 15360K, reserved 1062912K
  class space    used 1874K, capacity 2029K, committed 2048K, reserved 1048576K
}
Event: 3.005 GC heap before
{Heap before GC invocations=5 (full 0):
 PSYoungGen      total 35328K, used 35296K [0x00000000eb300000, 0x00000000ed800000, 0x0000000100000000)
  eden space 32768K, 100% used [0x00000000eb300000,0x00000000ed300000,0x00000000ed300000)
  from space 2560K, 98% used [0x00000000ed580000,0x00000000ed7f8020,0x00000000ed800000)
  to   space 2560K, 0% used [0x00000000ed300000,0x00000000ed300000,0x00000000ed580000)
 ParOldGen       total 44032K, used 4493K [0x00000000c1800000, 0x00000000c4300000, 0x00000000eb300000)
  object space 44032K, 10% used [0x00000000c1800000,0x00000000c1c63450,0x00000000c4300000)
 Metaspace       used 17856K, capacity 18494K, committed 18688K, reserved 1064960K
  class space    used 2310K, capacity 2489K, committed 2560K, reserved 1048576K
Event: 3.014 GC heap after
Heap after GC invocations=5 (full 0):
 PSYoungGen      total 35328K, used 2528K [0x00000000eb300000, 0x00000000f0000000, 0x0000000100000000)
  eden space 32768K, 0% used [0x00000000eb300000,0x00000000eb300000,0x00000000ed300000)
  from space 2560K, 98% used [0x00000000ed300000,0x00000000ed578020,0x00000000ed580000)
  to   space 6656K, 0% used [0x00000000ef980000,0x00000000ef980000,0x00000000f0000000)
 ParOldGen       total 44032K, used 8032K [0x00000000c1800000, 0x00000000c4300000, 0x00000000eb300000)
  object space 44032K, 18% used [0x00000000c1800000,0x00000000c1fd82a8,0x00000000c4300000)
 Metaspace       used 17856K, capacity 18494K, committed 18688K, reserved 1064960K
  class space    used 2310K, capacity 2489K, committed 2560K, reserved 1048576K
}
Event: 3.155 GC heap before
{Heap before GC invocations=6 (full 0):
 PSYoungGen      total 35328K, used 35246K [0x00000000eb300000, 0x00000000f0000000, 0x0000000100000000)
  eden space 32768K, 99% used [0x00000000eb300000,0x00000000ed2f38a0,0x00000000ed300000)
  from space 2560K, 98% used [0x00000000ed300000,0x00000000ed578020,0x00000000ed580000)
  to   space 6656K, 0% used [0x00000000ef980000,0x00000000ef980000,0x00000000f0000000)
 ParOldGen       total 44032K, used 8032K [0x00000000c1800000, 0x00000000c4300000, 0x00000000eb300000)
  object space 44032K, 18% used [0x00000000c1800000,0x00000000c1fd82a8,0x00000000c4300000)
 Metaspace       used 18227K, capacity 18882K, committed 18944K, reserved 1064960K
  class space    used 2376K, capacity 2539K, committed 2560K, reserved 1048576K
Event: 3.165 GC heap after
Heap after GC invocations=6 (full 0):
 PSYoungGen      total 72192K, used 3629K [0x00000000eb300000, 0x00000000f0000000, 0x0000000100000000)
  eden space 65536K, 0% used [0x00000000eb300000,0x00000000eb300000,0x00000000ef300000)
  from space 6656K, 54% used [0x00000000ef980000,0x00000000efd0b5e0,0x00000000f0000000)
  to   space 6656K, 0% used [0x00000000ef300000,0x00000000ef300000,0x00000000ef980000)
 ParOldGen       total 44032K, used 8040K [0x00000000c1800000, 0x00000000c4300000, 0x00000000eb300000)
  object space 44032K, 18% used [0x00000000c1800000,0x00000000c1fda2a8,0x00000000c4300000)
 Metaspace       used 18227K, capacity 18882K, committed 18944K, reserved 1064960K
  class space    used 2376K, capacity 2539K, committed 2560K, reserved 1048576K
}

